# Derivatives solution step at time 0 performed in 0 iterations with 1.11022e-16 error
# Key for lines starting with "Step":
# Step Time TStep NIter ResErr SolErr SolConv Out
Step 0 0 0 0 1.11022e-16 0 0 1
Step 1 0.0001 0.0001 5 6.42151e-05 0 0 1
Step 2 0.0002 0.0001 6 2.543872511972811e-06 0 0 1
Step 3 0.0003 0.0001 7 2.083426060418018e-06 0 0 1
Step 4 0.0004 0.0001 6 1.918568649523943e-06 0 0 1
Step 5 0.0005 0.0001 5 1.981964392779437e-06 0 0 1
Step 6 0.0006000000000000001 0.0001 4 1.802231718231981e-06 0 0 1
Step 7 0.0007000000000000001 0.0001 3 5.404821468247317e-06 0 0 1
Step 8 0.0008000000000000001 0.0001 3 1.361221136868581e-06 0 0 1
Step 9 0.0009000000000000002 0.0001 2 7.861564603705978e-05 0 0 1
Step 10 0.001 0.0001 2 7.130753658808973e-06 0 0 1
Step 11 0.0011 0.0001 2 1.96009541506248e-06 0 0 1
Step 12 0.0012 0.0001 2 2.808515474353783e-06 0 0 1
Step 13 0.0013 0.0001 2 2.398542317540568e-06 0 0 1
Step 14 0.0014 0.0001 2 3.178037845534172e-06 0 0 1
Step 15 0.0015 0.0001 2 2.856065427248357e-06 0 0 1
Step 16 0.001600000000000001 0.0001 2 2.875582660239295e-06 0 0 1
Step 17 0.001700000000000001 0.0001 2 2.988692853078229e-06 0 0 1
Step 18 0.001800000000000001 0.0001 2 3.293448318008731e-06 0 0 1
Step 19 0.001900000000000001 0.0001 2 2.527353772696441e-06 0 0 1
Step 20 0.002 0.0001 2 2.739724007374603e-06 0 0 1
Step 21 0.0021 0.0001 2 3.169603476566014e-06 0 0 1
Step 22 0.0022 0.0001 2 2.635410069272475e-06 0 0 1
Step 23 0.0023 0.0001 2 2.857507935438516e-06 0 0 1
Step 24 0.0024 0.0001 2 2.28779536586903e-06 0 0 1
Step 25 0.0025 0.0001 2 3.149477476024404e-06 0 0 1
Step 26 0.002599999999999999 0.0001 2 3.033121640463169e-06 0 0 1
Step 27 0.002699999999999999 0.0001 2 2.243623114214507e-06 0 0 1
Step 28 0.002799999999999999 0.0001 2 2.679101255843839e-06 0 0 1
Step 29 0.002899999999999999 0.0001 2 3.337965857557819e-06 0 0 1
Step 30 0.002999999999999999 0.0001 2 2.668301018529546e-06 0 0 1
Step 31 0.003099999999999999 0.0001 2 2.56585462475254e-06 0 0 1
Step 32 0.003199999999999998 0.0001 2 3.129967353035043e-06 0 0 1
Step 33 0.003299999999999998 0.0001 2 2.909806878108557e-06 0 0 1
Step 34 0.003399999999999998 0.0001 2 2.701693239622898e-06 0 0 1
Step 35 0.003499999999999998 0.0001 2 2.880150365707223e-06 0 0 1
Step 36 0.003599999999999998 0.0001 2 3.360400394897544e-06 0 0 1
Step 37 0.003699999999999998 0.0001 2 2.524607405587803e-06 0 0 1
Step 38 0.003799999999999997 0.0001 2 2.679943309957229e-06 0 0 1
Step 39 0.003899999999999997 0.0001 2 2.535633572487358e-06 0 0 1
Step 40 0.003999999999999997 0.0001 2 2.273708688096832e-06 0 0 1
Step 41 0.004099999999999998 0.0001 2 2.591563304986993e-06 0 0 1
Step 42 0.004199999999999998 0.0001 2 2.008127615481153e-06 0 0 1
Step 43 0.004299999999999998 0.0001 2 2.948690727998212e-06 0 0 1
Step 44 0.004399999999999999 0.0001 2 2.726919682788762e-06 0 0 1
Step 45 0.004499999999999999 0.0001 2 2.916959700313523e-06 0 0 1
Step 46 0.004599999999999999 0.0001 2 2.159931085927358e-06 0 0 1
Step 47 0.004699999999999999 0.0001 2 2.590792819078681e-06 0 0 1
Step 48 0.0048 0.0001 2 2.600575137595057e-06 0 0 1
Step 49 0.0049 0.0001 2 2.249150581053125e-06 0 0 1
Step 50 0.005 0.0001 2 2.202190724839693e-06 0 0 1
Step 51 0.0051 0.0001 2 2.882735704080141e-06 0 0 1
Step 52 0.005200000000000001 0.0001 2 2.707372582814571e-06 0 0 1
Step 53 0.005300000000000001 0.0001 2 2.240013215976798e-06 0 0 1
Step 54 0.005400000000000001 0.0001 2 1.737838565704029e-06 0 0 1
Step 55 0.005500000000000001 0.0001 2 1.883327626889853e-06 0 0 1
Step 56 0.005600000000000002 0.0001 2 2.338135497478113e-06 0 0 1
Step 57 0.005700000000000002 0.0001 2 2.623716382090728e-06 0 0 1
Step 58 0.005800000000000002 0.0001 2 2.536446355595297e-06 0 0 1
Step 59 0.005900000000000002 0.0001 2 2.821927644626721e-06 0 0 1
Step 60 0.006000000000000003 0.0001 2 2.951303730312889e-06 0 0 1
Step 61 0.006100000000000003 0.0001 2 2.337500542053381e-06 0 0 1
Step 62 0.006200000000000003 0.0001 2 2.000281338331978e-06 0 0 1
Step 63 0.006300000000000004 0.0001 2 2.773916192738417e-06 0 0 1
Step 64 0.006400000000000004 0.0001 2 2.152080414797397e-06 0 0 1
Step 65 0.006500000000000004 0.0001 2 2.408178746851866e-06 0 0 1
Step 66 0.006600000000000004 0.0001 2 2.096169235006159e-06 0 0 1
Step 67 0.006700000000000005 0.0001 2 2.394608989665423e-06 0 0 1
Step 68 0.006800000000000005 0.0001 2 2.101788175148916e-06 0 0 1
Step 69 0.006900000000000005 0.0001 2 2.784124243108369e-06 0 0 1
Step 70 0.007000000000000005 0.0001 2 1.871824540500654e-06 0 0 1
Step 71 0.007100000000000006 0.0001 2 2.358592117551808e-06 0 0 1
Step 72 0.007200000000000006 0.0001 2 1.884526007284346e-06 0 0 1
Step 73 0.007300000000000006 0.0001 2 1.872725242585692e-06 0 0 1
Step 74 0.007400000000000006 0.0001 2 2.801343004937331e-06 0 0 1
Step 75 0.007500000000000007 0.0001 2 1.711902337533478e-06 0 0 1
Step 76 0.007600000000000007 0.0001 2 3.217296849153374e-06 0 0 1
Step 77 0.007700000000000007 0.0001 2 2.168091411200131e-06 0 0 1
Step 78 0.007800000000000007 0.0001 2 1.974339676530898e-06 0 0 1
Step 79 0.007900000000000008 0.0001 2 2.733757272661864e-06 0 0 1
Step 80 0.008000000000000007 0.0001 2 3.220182056366963e-06 0 0 1
Step 81 0.008100000000000007 0.0001 2 2.647463278400545e-06 0 0 1
Step 82 0.008200000000000006 0.0001 2 2.903310964499541e-06 0 0 1
Step 83 0.008300000000000005 0.0001 2 2.500633870061906e-06 0 0 1
Step 84 0.008400000000000005 0.0001 2 2.776820481126765e-06 0 0 1
Step 85 0.008500000000000004 0.0001 2 2.199394121573839e-06 0 0 1
Step 86 0.008600000000000003 0.0001 2 2.029522014258361e-06 0 0 1
Step 87 0.008700000000000003 0.0001 2 2.237746502778065e-06 0 0 1
Step 88 0.008800000000000002 0.0001 2 1.574939062714133e-06 0 0 1
Step 89 0.008900000000000002 0.0001 2 2.58842634692131e-06 0 0 1
Step 90 0.009000000000000001 0.0001 2 1.809771682626849e-06 0 0 1
Step 91 0.0091 0.0001 2 1.988101053780146e-06 0 0 1
Step 92 0.0092 0.0001 2 2.629477728933059e-06 0 0 1
Step 93 0.009299999999999999 0.0001 2 2.180038945639732e-06 0 0 1
Step 94 0.009399999999999999 0.0001 2 2.688001515206741e-06 0 0 1
Step 95 0.009499999999999998 0.0001 2 2.084752982076063e-06 0 0 1
Step 96 0.009599999999999997 0.0001 2 1.969088472787756e-06 0 0 1
Step 97 0.009699999999999997 0.0001 2 2.294360963121409e-06 0 0 1
Step 98 0.009799999999999996 0.0001 2 2.699288219826754e-06 0 0 1
Step 99 0.009899999999999996 0.0001 2 2.304483523900821e-06 0 0 1
Step 100 0.009999999999999995 0.0001 2 2.542551232649231e-06 0 0 1
Step 101 0.01009999999999999 0.0001 2 2.621452695044169e-06 0 0 1
Step 102 0.01019999999999999 0.0001 2 2.127828221124228e-06 0 0 1
Step 103 0.01029999999999999 0.0001 2 2.169676204677151e-06 0 0 1
Step 104 0.01039999999999999 0.0001 2 2.263687718866747e-06 0 0 1
Step 105 0.01049999999999999 0.0001 2 2.157259487146922e-06 0 0 1
Step 106 0.01059999999999999 0.0001 2 2.024698841095616e-06 0 0 1
Step 107 0.01069999999999999 0.0001 2 2.296118458284124e-06 0 0 1
Step 108 0.01079999999999999 0.0001 2 2.709531956927006e-06 0 0 1
Step 109 0.01089999999999999 0.0001 2 2.279777063555291e-06 0 0 1
Step 110 0.01099999999999999 0.0001 2 1.817638746189571e-06 0 0 1
Step 111 0.01109999999999999 0.0001 2 2.651737802772304e-06 0 0 1
Step 112 0.01119999999999999 0.0001 2 1.855547468401032e-06 0 0 1
Step 113 0.01129999999999999 0.0001 2 2.574682468120632e-06 0 0 1
Step 114 0.01139999999999999 0.0001 2 1.881326007501992e-06 0 0 1
Step 115 0.01149999999999999 0.0001 2 1.770516033902064e-06 0 0 1
Step 116 0.01159999999999999 0.0001 2 2.469274243919185e-06 0 0 1
Step 117 0.01169999999999998 0.0001 2 1.7368439940308e-06 0 0 1
Step 118 0.01179999999999998 0.0001 2 1.880927020612417e-06 0 0 1
Step 119 0.01189999999999998 0.0001 2 2.439810218903297e-06 0 0 1
Step 120 0.01199999999999998 0.0001 2 1.530029966611553e-06 0 0 1
Step 121 0.01209999999999998 0.0001 2 1.61036388139586e-06 0 0 1
Step 122 0.01219999999999998 0.0001 2 1.619358847030453e-06 0 0 1
Step 123 0.01229999999999998 0.0001 2 1.958381918280867e-06 0 0 1
Step 124 0.01239999999999998 0.0001 2 1.880623674125547e-06 0 0 1
Step 125 0.01249999999999998 0.0001 2 1.92417452418956e-06 0 0 1
Step 126 0.01259999999999998 0.0001 2 2.232785985320332e-06 0 0 1
Step 127 0.01269999999999998 0.0001 2 1.986522869987374e-06 0 0 1
